[debug] [2024-08-04T12:25:13.620Z] ----------------------------------------------------------------------
[debug] [2024-08-04T12:25:13.624Z] Command:       C:\Program Files\nodejs\node.exe C:\Users\vrish\AppData\Roaming\npm\node_modules\firebase-tools\lib\bin\firebase.js init
[debug] [2024-08-04T12:25:13.625Z] CLI Version:   13.15.0
[debug] [2024-08-04T12:25:13.625Z] Platform:      win32
[debug] [2024-08-04T12:25:13.625Z] Node Version:  v20.16.0
[debug] [2024-08-04T12:25:13.626Z] Time:          Sun Aug 04 2024 17:55:13 GMT+0530 (India Standard Time)
[debug] [2024-08-04T12:25:13.626Z] ----------------------------------------------------------------------
[debug] 
[debug] [2024-08-04T12:25:13.636Z] > command requires scopes: ["email","openid","https://www.googleapis.com/auth/cloudplatformprojects.readonly","https://www.googleapis.com/auth/firebase","https://www.googleapis.com/auth/cloud-platform"]
[debug] [2024-08-04T12:25:13.637Z] > authorizing via signed-in user (vrisheek19@gmail.com)
[info] 
     ######## #### ########  ######## ########     ###     ######  ########
     ##        ##  ##     ## ##       ##     ##  ##   ##  ##       ##
     ######    ##  ########  ######   ########  #########  ######  ######
     ##        ##  ##    ##  ##       ##     ## ##     ##       ## ##
     ##       #### ##     ## ######## ########  ##     ##  ######  ########

You're about to initialize a Firebase project in this directory:

  C:\Users\vrish\OneDrive\Desktop\Dev\V3\amazon-clone

[info] 
=== Project Setup
[info] 
[info] First, let's associate this project directory with a Firebase project.
[info] You can create multiple project aliases by running firebase use --add, 
[info] but for now we'll just set up a default project.
[info] 
[debug] [2024-08-04T12:25:57.946Z] >>> [apiv2][query] GET https://firebase.googleapis.com/v1beta1/projects pageSize=100
[debug] [2024-08-04T12:25:59.254Z] <<< [apiv2][status] GET https://firebase.googleapis.com/v1beta1/projects 200
[debug] [2024-08-04T12:25:59.255Z] <<< [apiv2][body] GET https://firebase.googleapis.com/v1beta1/projects [omitted]
[info] i  Using project challenge-95bb0 (amazon-challenge) 
[info] 
=== Hosting Setup
[debug] [2024-08-04T12:26:03.373Z] >>> [apiv2][query] GET https://firebase.googleapis.com/v1beta1/projects/challenge-95bb0 [none]
[debug] [2024-08-04T12:26:04.157Z] <<< [apiv2][status] GET https://firebase.googleapis.com/v1beta1/projects/challenge-95bb0 200
[debug] [2024-08-04T12:26:04.157Z] <<< [apiv2][body] GET https://firebase.googleapis.com/v1beta1/projects/challenge-95bb0 {"projectId":"challenge-95bb0","projectNumber":"285023509374","displayName":"amazon-challenge","name":"projects/challenge-95bb0","resources":{"hostingSite":"challenge-95bb0"},"state":"ACTIVE","etag":"1_1d459f4e-05ce-4f14-9fdd-6dc6398e6a72"}
[info] 
[info] Your public directory is the folder (relative to your project directory) that
[info] will contain Hosting assets to be uploaded with firebase deploy. If you
[info] have a build process for your assets, use your build's output directory.
[info] 
[debug] [2024-08-04T12:26:44.760Z] >>> [apiv2][query] GET https://www.gstatic.com/firebasejs/releases.json [none]
[debug] [2024-08-04T12:26:45.338Z] <<< [apiv2][status] GET https://www.gstatic.com/firebasejs/releases.json 200
[debug] [2024-08-04T12:26:45.338Z] <<< [apiv2][body] GET https://www.gstatic.com/firebasejs/releases.json {"current":{"version":"10.12.5","browserURL":"https://www.gstatic.com/firebasejs/10.12.5/firebase.js","packageURL":"https://www.gstatic.com/firebasejs/10.12.5/firebase.tgz"},"live":{"version":"10.12","browserURL":"https://www.gstatic.com/firebasejs/live/10.12/firebase.js","packageURL":"https://www.gstatic.com/firebasejs/live/10.12/firebase.tgz"},"components":{"analytics":"https://www.gstatic.com/firebasejs/10.12.5/firebase-analytics.js","app":"https://www.gstatic.com/firebasejs/10.12.5/firebase-app.js","app-check":"https://www.gstatic.com/firebasejs/10.12.5/firebase-app-check.js","auth":"https://www.gstatic.com/firebasejs/10.12.5/firebase-auth.js","auth/cordova":"https://www.gstatic.com/firebasejs/10.12.5/firebase-auth/cordova.js","auth/web-extension":"https://www.gstatic.com/firebasejs/10.12.5/firebase-auth/web-extension.js","functions":"https://www.gstatic.com/firebasejs/10.12.5/firebase-functions.js","firestore":"https://www.gstatic.com/firebasejs/10.12.5/firebase-firestore.js","firestore/lite":"https://www.gstatic.com/firebasejs/10.12.5/firebase-firestore/lite.js","installations":"https://www.gstatic.com/firebasejs/10.12.5/firebase-installations.js","storage":"https://www.gstatic.com/firebasejs/10.12.5/firebase-storage.js","performance":"https://www.gstatic.com/firebasejs/10.12.5/firebase-performance.js","remote-config":"https://www.gstatic.com/firebasejs/10.12.5/firebase-remote-config.js","messaging":"https://www.gstatic.com/firebasejs/10.12.5/firebase-messaging.js","messaging/sw":"https://www.gstatic.com/firebasejs/10.12.5/firebase-messaging/sw.js","database":"https://www.gstatic.com/firebasejs/10.12.5/firebase-database.js","vertexai-preview":"https://www.gstatic.com/firebasejs/10.12.5/firebase-vertexai-preview.js","firestore.memory":"https://www.gstatic.com/firebasejs/10.12.5/firebase-firestore.memory.js"}}
[info] +  Wrote build/index.html 
[info] 
[info] i  Detected a .git folder at C:\Users\vrish\OneDrive\Desktop\Dev\V3\amazon-clone 
[info] i  Authorizing with GitHub to upload your service account to a GitHub repository's secrets store. 
[info] 
[info] Visit this URL on this device to log in:
[info] https://github.com/login/oauth/authorize?client_id=89cf50f02ac6aaed3484&state=798451211&redirect_uri=http%3A%2F%2Flocalhost%3A9005&scope=read%3Auser%20repo%20public_repo
[info] 
[info] Waiting for authentication...
[debug] [2024-08-04T12:27:11.703Z] >>> [apiv2][query] POST https://github.com/login/oauth/access_token [none]
[debug] [2024-08-04T12:27:11.703Z] >>> [apiv2][body] POST https://github.com/login/oauth/access_token [stream]
[debug] [2024-08-04T12:27:12.457Z] <<< [apiv2][status] POST https://github.com/login/oauth/access_token 200
[debug] [2024-08-04T12:27:12.458Z] <<< [apiv2][body] POST https://github.com/login/oauth/access_token {"access_token":"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","token_type":"bearer","scope":"read:user,repo"}
[debug] [2024-08-04T12:27:12.469Z] >>> [apiv2][query] GET https://api.github.com/user [none]
[debug] [2024-08-04T12:27:14.231Z] <<< [apiv2][status] GET https://api.github.com/user 200
[debug] [2024-08-04T12:27:14.232Z] <<< [apiv2][body] GET https://api.github.com/user {"login":"risheekv","id":95381269,"node_id":"U_kgDOBa9nFQ","avatar_url":"https://avatars.githubusercontent.com/u/95381269?v=4","gravatar_id":"","url":"https://api.github.com/users/risheekv","html_url":"https://github.com/risheekv","followers_url":"https://api.github.com/users/risheekv/followers","following_url":"https://api.github.com/users/risheekv/following{/other_user}","gists_url":"https://api.github.com/users/risheekv/gists{/gist_id}","starred_url":"https://api.github.com/users/risheekv/starred{/owner}{/repo}","subscriptions_url":"https://api.github.com/users/risheekv/subscriptions","organizations_url":"https://api.github.com/users/risheekv/orgs","repos_url":"https://api.github.com/users/risheekv/repos","events_url":"https://api.github.com/users/risheekv/events{/privacy}","received_events_url":"https://api.github.com/users/risheekv/received_events","type":"User","site_admin":false,"name":"Risheek Verma","company":null,"blog":"","location":null,"email":null,"hireable":null,"bio":null,"twitter_username":null,"notification_email":null,"public_repos":4,"public_gists":0,"followers":0,"following":0,"created_at":"2021-12-01T20:10:13Z","updated_at":"2024-08-04T12:27:04Z","private_gists":0,"total_private_repos":1,"owned_private_repos":1,"disk_usage":1030,"collaborators":0,"two_factor_authentication":false,"plan":{"name":"free","space":976562499,"collaborators":0,"private_repos":10000}}
[info] 
[info] +  Success! Logged into GitHub as risheekv 
[info] 
[debug] [2024-08-04T12:27:39.661Z] >>> [apiv2][query] GET https://api.github.com/repos/full-stack-projects/actions/secrets/public-key type=owner
[debug] [2024-08-04T12:27:40.618Z] <<< [apiv2][status] GET https://api.github.com/repos/full-stack-projects/actions/secrets/public-key 404
[debug] [2024-08-04T12:27:40.618Z] <<< [apiv2][body] GET https://api.github.com/repos/full-stack-projects/actions/secrets/public-key {"message":"Not Found","documentation_url":"https://docs.github.com/rest","status":"404"}
[info] 
[info] 
[error] !  The provided authorization cannot be used with this repository. If this repository is in an organization, did you remember to grant access? 
[info] 
[info] i  Action required: Visit this URL to ensure access has been granted to the appropriate organization(s) for the Firebase CLI GitHub OAuth App: 
[info] https://github.com/settings/connections/applications/89cf50f02ac6aaed3484
[info] 
[debug] [2024-08-04T12:27:48.768Z] >>> [apiv2][query] GET https://api.github.com/repos/full-stack-projects/actions/secrets/public-key type=owner
[debug] [2024-08-04T12:27:49.565Z] <<< [apiv2][status] GET https://api.github.com/repos/full-stack-projects/actions/secrets/public-key 404
[debug] [2024-08-04T12:27:49.565Z] <<< [apiv2][body] GET https://api.github.com/repos/full-stack-projects/actions/secrets/public-key {"message":"Not Found","documentation_url":"https://docs.github.com/rest","status":"404"}
[info] 
[info] 
[error] !  The provided authorization cannot be used with this repository. If this repository is in an organization, did you remember to grant access? 
[info] 
[info] i  Action required: Visit this URL to ensure access has been granted to the appropriate organization(s) for the Firebase CLI GitHub OAuth App: 
[info] https://github.com/settings/connections/applications/89cf50f02ac6aaed3484
[info] 
[debug] [2024-08-04T12:28:36.095Z] >>> [apiv2][query] GET https://api.github.com/repos/user/actions/secrets/public-key type=owner
[debug] [2024-08-04T12:28:37.474Z] <<< [apiv2][status] GET https://api.github.com/repos/user/actions/secrets/public-key 404
[debug] [2024-08-04T12:28:37.474Z] <<< [apiv2][body] GET https://api.github.com/repos/user/actions/secrets/public-key {"message":"Not Found","documentation_url":"https://docs.github.com/rest","status":"404"}
[info] 
[info] 
[error] !  The provided authorization cannot be used with this repository. If this repository is in an organization, did you remember to grant access? 
[info] 
[info] i  Action required: Visit this URL to ensure access has been granted to the appropriate organization(s) for the Firebase CLI GitHub OAuth App: 
[info] https://github.com/settings/connections/applications/89cf50f02ac6aaed3484
[info] 
[debug] [2024-08-04T12:28:40.537Z] >>> [apiv2][query] GET https://api.github.com/repos/useri/actions/secrets/public-key type=owner
[debug] [2024-08-04T12:28:41.192Z] <<< [apiv2][status] GET https://api.github.com/repos/useri/actions/secrets/public-key 404
[debug] [2024-08-04T12:28:41.192Z] <<< [apiv2][body] GET https://api.github.com/repos/useri/actions/secrets/public-key {"message":"Not Found","documentation_url":"https://docs.github.com/rest","status":"404"}
[info] 
[info] 
[error] !  The provided authorization cannot be used with this repository. If this repository is in an organization, did you remember to grant access? 
[info] 
[info] i  Action required: Visit this URL to ensure access has been granted to the appropriate organization(s) for the Firebase CLI GitHub OAuth App: 
[info] https://github.com/settings/connections/applications/89cf50f02ac6aaed3484
[info] 
[debug] [2024-08-04T12:28:42.233Z] >>> [apiv2][query] GET https://api.github.com/repos/usericls/actions/secrets/public-key type=owner
[debug] [2024-08-04T12:28:42.671Z] <<< [apiv2][status] GET https://api.github.com/repos/usericls/actions/secrets/public-key 404
[debug] [2024-08-04T12:28:42.671Z] <<< [apiv2][body] GET https://api.github.com/repos/usericls/actions/secrets/public-key {"message":"Not Found","documentation_url":"https://docs.github.com/rest","status":"404"}
[info] 
[info] 
[error] !  The provided authorization cannot be used with this repository. If this repository is in an organization, did you remember to grant access? 
[info] 
[info] i  Action required: Visit this URL to ensure access has been granted to the appropriate organization(s) for the Firebase CLI GitHub OAuth App: 
[info] https://github.com/settings/connections/applications/89cf50f02ac6aaed3484
[info] 
[debug] [2024-08-04T12:28:55.856Z] >>> [apiv2][query] GET https://api.github.com/repos/i/actions/secrets/public-key type=owner
[debug] [2024-08-04T12:28:56.600Z] <<< [apiv2][status] GET https://api.github.com/repos/i/actions/secrets/public-key 404
[debug] [2024-08-04T12:28:56.600Z] <<< [apiv2][body] GET https://api.github.com/repos/i/actions/secrets/public-key {"message":"Not Found","documentation_url":"https://docs.github.com/rest","status":"404"}
[info] 
[info] 
[error] !  The provided authorization cannot be used with this repository. If this repository is in an organization, did you remember to grant access? 
[info] 
[info] i  Action required: Visit this URL to ensure access has been granted to the appropriate organization(s) for the Firebase CLI GitHub OAuth App: 
[info] https://github.com/settings/connections/applications/89cf50f02ac6aaed3484
[info] 
[debug] [2024-08-04T12:30:15.919Z] >>> [apiv2][query] GET https://api.github.com/repos/amazon-clone/actions/secrets/public-key type=owner
[debug] [2024-08-04T12:30:16.777Z] <<< [apiv2][status] GET https://api.github.com/repos/amazon-clone/actions/secrets/public-key 404
[debug] [2024-08-04T12:30:16.777Z] <<< [apiv2][body] GET https://api.github.com/repos/amazon-clone/actions/secrets/public-key {"message":"Not Found","documentation_url":"https://docs.github.com/rest","status":"404"}
[info] 
[info] 
[error] !  The provided authorization cannot be used with this repository. If this repository is in an organization, did you remember to grant access? 
[info] 
[info] i  Action required: Visit this URL to ensure access has been granted to the appropriate organization(s) for the Firebase CLI GitHub OAuth App: 
[info] https://github.com/settings/connections/applications/89cf50f02ac6aaed3484
[info] 
